<?xml version="1.0" encoding="UTF-8"?>
<testsuite name="SolutionTest" tests="6" skipped="0" failures="0" errors="0" timestamp="2022-07-03T09:59:25" hostname="yuanyu-ubuntu" time="0.038">
  <properties/>
  <testcase name="lengthOfLISBinarySearchExample1()" classname="SolutionTest" time="0.028"/>
  <testcase name="lengthOfLISBinarySearchExample2()" classname="SolutionTest" time="0.001"/>
  <testcase name="lengthOfLISBinarySearchExample3()" classname="SolutionTest" time="0.001"/>
  <testcase name="lengthOfLISExample1()" classname="SolutionTest" time="0.001"/>
  <testcase name="lengthOfLISExample2()" classname="SolutionTest" time="0.001"/>
  <testcase name="lengthOfLISExample3()" classname="SolutionTest" time="0.001"/>
  <system-out><![CDATA[]]></system-out>
  <system-err><![CDATA[]]></system-err>
</testsuite>
